<?xml version="1.0" encoding="UTF-8"?>
<!-- Generated by org.testng.reporters.JUnitReportReporter -->
<testsuite hostname="DESKTOP-RK93FRN" failures="0" tests="1" name="Numadic.TC01_VerifyHeader" time="6.406" errors="0" timestamp="2023-03-02T16:50:10 IST" skipped="0">
  <testcase classname="Numadic.TC01_VerifyHeader" name="VerifyHeader" time="6.406"/>
  <system-out/>
</testsuite> <!-- Numadic.TC01_VerifyHeader -->
