<?xml version="1.0" encoding="UTF-8"?>
<!-- Generated by org.testng.reporters.JUnitReportReporter -->
<testsuite hostname="DESKTOP-RK93FRN" failures="0" tests="1" name="Numadic.TC04_VerifyQA" time="13.347" errors="0" timestamp="2023-03-02T16:55:05 IST" skipped="0">
  <testcase classname="Numadic.TC04_VerifyQA" name="VerifyQA" time="13.347"/>
  <system-out/>
</testsuite> <!-- Numadic.TC04_VerifyQA -->
