<?xml version="1.0" encoding="UTF-8"?>
<!-- Generated by org.testng.reporters.JUnitReportReporter -->
<testsuite hostname="DESKTOP-RK93FRN" failures="0" tests="1" name="Numadic.TC01_Verifyopeningsbtn" time="14.765" errors="0" timestamp="2023-02-22T13:59:50 IST" skipped="0">
  <testcase classname="Numadic.TC01_Verifyopeningsbtn" name="Verifyopeningsbtn" time="14.765"/>
  <system-out/>
</testsuite> <!-- Numadic.TC01_Verifyopeningsbtn -->
