<?xml version="1.0" encoding="UTF-8"?>
<!-- Generated by org.testng.reporters.JUnitReportReporter -->
<testsuite hostname="DESKTOP-RK93FRN" failures="0" tests="1" name="Numadic.TC01_VerifyGetTitle" time="11.732" errors="0" timestamp="2023-02-23T12:31:57 IST" skipped="0">
  <testcase classname="Numadic.TC01_VerifyGetTitle" name="VerifyGetTitle" time="11.732"/>
  <system-out/>
</testsuite> <!-- Numadic.TC01_VerifyGetTitle -->
