<?xml version="1.0" encoding="UTF-8"?>
<!-- Generated by org.testng.reporters.JUnitReportReporter -->
<testsuite hostname="DESKTOP-RK93FRN" failures="0" tests="1" name="Numadic.TC03_VerifyDropDown" time="9.095" errors="0" timestamp="2023-03-02T16:59:43 IST" skipped="0">
  <testcase classname="Numadic.TC03_VerifyDropDown" name="VerifyDropDown" time="9.095"/>
  <system-out/>
</testsuite> <!-- Numadic.TC03_VerifyDropDown -->
