<?xml version="1.0" encoding="UTF-8"?>
<!-- Generated by org.testng.reporters.JUnitReportReporter -->
<testsuite hostname="DESKTOP-RK93FRN" failures="0" tests="1" name="ProjectFloder.Hiclass" time="0.057" errors="0" timestamp="2023-02-21T09:28:37 IST" skipped="0">
  <testcase classname="ProjectFloder.Hiclass" name="method1" time="0.057"/>
  <system-out/>
</testsuite> <!-- ProjectFloder.Hiclass -->
