<?xml version="1.0" encoding="UTF-8"?>
<!-- Generated by org.testng.reporters.JUnitReportReporter -->
<testsuite hostname="DESKTOP-RK93FRN" failures="0" tests="1" name="Numadic.TC06_Verifyfields" time="98.373" errors="0" timestamp="2023-03-02T16:58:49 IST" skipped="0">
  <testcase classname="Numadic.TC06_Verifyfields" name="VerifyIambtn" time="98.373"/>
  <system-out/>
</testsuite> <!-- Numadic.TC06_Verifyfields -->
