<?xml version="1.0" encoding="UTF-8"?>
<!-- Generated by org.testng.reporters.JUnitReportReporter -->
<testsuite hostname="DESKTOP-RK93FRN" failures="0" tests="1" name="Project1.TC01_Verifyloignclass" time="13.461" errors="0" timestamp="2023-03-02T17:05:50 IST" skipped="0">
  <testcase classname="Project1.TC01_Verifyloignclass" name="verifyloignclass" time="13.461"/>
  <system-out/>
</testsuite> <!-- Project1.TC01_Verifyloignclass -->
